NotePad/app/build/outputs/logs/manifest-merger-debug-report.txt
-- Merging decision tree log ---
manifest
ADDED from src/main/AndroidManifest.xml:22:1-120:12
	package
		ADDED from src/main/AndroidManifest.xml:23:5-42
		INJECTED from src/main/AndroidManifest.xml
		INJECTED from src/main/AndroidManifest.xml
	xmlns:android
		ADDED from src/main/AndroidManifest.xml:22:11-69
uses-sdk
ADDED from src/main/AndroidManifest.xml:25:5-44
	android:targetSdkVersion
		INJECTED from src/main/AndroidManifest.xml
		INJECTED from src/main/AndroidManifest.xml
	android:minSdkVersion
		ADDED from src/main/AndroidManifest.xml:25:15-41
		INJECTED from src/main/AndroidManifest.xml
		INJECTED from src/main/AndroidManifest.xml
application
ADDED from src/main/AndroidManifest.xml:27:5-118:19
	android:label
		ADDED from src/main/AndroidManifest.xml:28:9-41
	android:icon
		ADDED from src/main/AndroidManifest.xml:27:18-52
provider#com.example.android.notepad.NotePadProvider
ADDED from src/main/AndroidManifest.xml:30:9-34:20
	android:authorities
		ADDED from src/main/AndroidManifest.xml:31:13-62
	android:exported
		ADDED from src/main/AndroidManifest.xml:32:13-37
	android:name
		ADDED from src/main/AndroidManifest.xml:30:19-49
grant-uri-permission
ADDED from src/main/AndroidManifest.xml:33:13-62
	android:pathPattern
		ADDED from src/main/AndroidManifest.xml:33:35-59
activity#com.example.android.notepad.NotesList
ADDED from src/main/AndroidManifest.xml:36:9-53:20
	android:label
		ADDED from src/main/AndroidManifest.xml:36:44-84
	android:name
		ADDED from src/main/AndroidManifest.xml:36:19-43
intent-filter#android.intent.action.MAIN+android.intent.category.LAUNCHER
ADDED from src/main/AndroidManifest.xml:37:13-40:29
action#android.intent.action.MAIN
ADDED from src/main/AndroidManifest.xml:38:17-69
	android:name
		ADDED from src/main/AndroidManifest.xml:38:25-66
category#android.intent.category.LAUNCHER
ADDED from src/main/AndroidManifest.xml:39:17-77
	android:name
		ADDED from src/main/AndroidManifest.xml:39:27-74
intent-filter#android.intent.action.EDIT+android.intent.action.PICK+android.intent.action.VIEW+android.intent.category.DEFAULT
ADDED from src/main/AndroidManifest.xml:41:13-47:29
action#android.intent.action.VIEW
ADDED from src/main/AndroidManifest.xml:42:17-69
	android:name
		ADDED from src/main/AndroidManifest.xml:42:25-66
action#android.intent.action.EDIT
ADDED from src/main/AndroidManifest.xml:43:17-69
	android:name
		ADDED from src/main/AndroidManifest.xml:43:25-66
action#android.intent.action.PICK
ADDED from src/main/AndroidManifest.xml:44:17-69
	android:name
		ADDED from src/main/AndroidManifest.xml:44:25-66
category#android.intent.category.DEFAULT
ADDED from src/main/AndroidManifest.xml:45:17-76
	android:name
		ADDED from src/main/AndroidManifest.xml:45:27-73
data
ADDED from src/main/AndroidManifest.xml:46:17-83
	android:mimeType
		ADDED from src/main/AndroidManifest.xml:46:23-80
intent-filter#android.intent.action.GET_CONTENT+android.intent.category.DEFAULT
ADDED from src/main/AndroidManifest.xml:48:13-52:29
action#android.intent.action.GET_CONTENT
ADDED from src/main/AndroidManifest.xml:49:17-76
	android:name
		ADDED from src/main/AndroidManifest.xml:49:25-73
activity#com.example.android.notepad.NoteEditor
ADDED from src/main/AndroidManifest.xml:55:9-81:20
	android:screenOrientation
		ADDED from src/main/AndroidManifest.xml:57:13-47
	android:configChanges
		ADDED from src/main/AndroidManifest.xml:58:13-63
	android:theme
		ADDED from src/main/AndroidManifest.xml:56:13-60
	android:name
		ADDED from src/main/AndroidManifest.xml:55:19-44
intent-filter#android.intent.action.EDIT+android.intent.action.VIEW+android.intent.category.DEFAULT+com.android.notepad.action.EDIT_NOTE
ADDED from src/main/AndroidManifest.xml:62:13-68:29
	android:label
		ADDED from src/main/AndroidManifest.xml:62:28-64
action#com.android.notepad.action.EDIT_NOTE
ADDED from src/main/AndroidManifest.xml:65:17-79
	android:name
		ADDED from src/main/AndroidManifest.xml:65:25-76
intent-filter#android.intent.action.INSERT+android.intent.action.PASTE+android.intent.category.DEFAULT
ADDED from src/main/AndroidManifest.xml:74:13-79:29
action#android.intent.action.INSERT
ADDED from src/main/AndroidManifest.xml:75:17-71
	android:name
		ADDED from src/main/AndroidManifest.xml:75:25-68
action#android.intent.action.PASTE
ADDED from src/main/AndroidManifest.xml:76:17-70
	android:name
		ADDED from src/main/AndroidManifest.xml:76:25-67
activity#com.example.android.notepad.TitleEditor
ADDED from src/main/AndroidManifest.xml:83:9-108:20
	android:label
		ADDED from src/main/AndroidManifest.xml:84:13-53
	android:windowSoftInputMode
		ADDED from src/main/AndroidManifest.xml:87:13-55
	android:icon
		ADDED from src/main/AndroidManifest.xml:85:13-50
	android:theme
		ADDED from src/main/AndroidManifest.xml:86:13-61
	android:name
		ADDED from src/main/AndroidManifest.xml:83:19-45
intent-filter#android.intent.category.ALTERNATIVE+android.intent.category.DEFAULT+android.intent.category.SELECTED_ALTERNATIVE+com.android.notepad.action.EDIT_TITLE
ADDED from src/main/AndroidManifest.xml:92:13-107:29
	android:label
		ADDED from src/main/AndroidManifest.xml:92:28-65
action#com.android.notepad.action.EDIT_TITLE
ADDED from src/main/AndroidManifest.xml:96:17-80
	android:name
		ADDED from src/main/AndroidManifest.xml:96:25-77
category#android.intent.category.ALTERNATIVE
ADDED from src/main/AndroidManifest.xml:101:17-80
	android:name
		ADDED from src/main/AndroidManifest.xml:101:27-77
category#android.intent.category.SELECTED_ALTERNATIVE
ADDED from src/main/AndroidManifest.xml:104:17-89
	android:name
		ADDED from src/main/AndroidManifest.xml:104:27-86
activity#com.example.android.notepad.NotesLiveFolder
ADDED from src/main/AndroidManifest.xml:110:9-116:20
	android:label
		ADDED from src/main/AndroidManifest.xml:110:50-90
	android:icon
		ADDED from src/main/AndroidManifest.xml:111:13-55
	android:name
		ADDED from src/main/AndroidManifest.xml:110:19-49
intent-filter#android.intent.action.CREATE_LIVE_FOLDER+android.intent.category.DEFAULT
ADDED from src/main/AndroidManifest.xml:112:13-115:29
action#android.intent.action.CREATE_LIVE_FOLDER
ADDED from src/main/AndroidManifest.xml:113:17-83
	android:name
		ADDED from src/main/AndroidManifest.xml:113:25-80